<?xml version="1.0" encoding="UTF-8"?>
<!-- Generated by org.testng.reporters.JUnitReportReporter -->
<testsuite skipped="0" hostname="DESKTOP-KMFJ2QA" name="Sanity.Sanity.LoginTest" tests="1" failures="0" timestamp="07 Mar 2019 10:16:29 GMT" time="6.312" errors="0">
  <testcase name="log__in" time="6.312" classname="Sanity.Sanity.LoginTest"/>
</testsuite> <!-- Sanity.Sanity.LoginTest -->
